<?xml version="1.0" encoding="UTF-8"?>
<testsuite name="fr.takoyadev.car.CarApplicationTests" tests="1" skipped="0" failures="0" errors="0" timestamp="2019-05-01T22:26:08" hostname="Nessa" time="0.06">
  <properties/>
  <testcase name="contextLoads" classname="fr.takoyadev.car.CarApplicationTests" time="0.06"/>
  <system-out><![CDATA[00:26:04.208 [Test worker] DEBUG org.springframework.test.context.junit4.SpringJUnit4ClassRunner - SpringJUnit4ClassRunner constructor called with [class fr.takoyadev.car.CarApplicationTests]
00:26:04.215 [Test worker] DEBUG org.springframework.test.context.BootstrapUtils - Instantiating CacheAwareContextLoaderDelegate from class [org.springframework.test.context.cache.DefaultCacheAwareContextLoaderDelegate]
00:26:04.221 [Test worker] DEBUG org.springframework.test.context.BootstrapUtils - Instantiating BootstrapContext using constructor [public org.springframework.test.context.support.DefaultBootstrapContext(java.lang.Class,org.springframework.test.context.CacheAwareContextLoaderDelegate)]
00:26:04.232 [Test worker] DEBUG org.springframework.test.context.BootstrapUtils - Instantiating TestContextBootstrapper for test class [fr.takoyadev.car.CarApplicationTests] from class [org.springframework.boot.test.context.SpringBootTestContextBootstrapper]
00:26:04.240 [Test worker] INFO org.springframework.boot.test.context.SpringBootTestContextBootstrapper - Neither @ContextConfiguration nor @ContextHierarchy found for test class [fr.takoyadev.car.CarApplicationTests], using SpringBootContextLoader
00:26:04.242 [Test worker] DEBUG org.springframework.test.context.support.AbstractContextLoader - Did not detect default resource location for test class [fr.takoyadev.car.CarApplicationTests]: class path resource [fr/takoyadev/car/CarApplicationTests-context.xml] does not exist
00:26:04.243 [Test worker] DEBUG org.springframework.test.context.support.AbstractContextLoader - Did not detect default resource location for test class [fr.takoyadev.car.CarApplicationTests]: class path resource [fr/takoyadev/car/CarApplicationTestsContext.groovy] does not exist
00:26:04.243 [Test worker] INFO org.springframework.test.context.support.AbstractContextLoader - Could not detect default resource locations for test class [fr.takoyadev.car.CarApplicationTests]: no resource found for suffixes {-context.xml, Context.groovy}.
00:26:04.243 [Test worker] INFO org.springframework.test.context.support.AnnotationConfigContextLoaderUtils - Could not detect default configuration classes for test class [fr.takoyadev.car.CarApplicationTests]: CarApplicationTests does not declare any static, non-private, non-final, nested classes annotated with @Configuration.
00:26:04.271 [Test worker] DEBUG org.springframework.test.context.support.ActiveProfilesUtils - Could not find an 'annotation declaring class' for annotation type [org.springframework.test.context.ActiveProfiles] and class [fr.takoyadev.car.CarApplicationTests]
00:26:04.318 [Test worker] DEBUG org.springframework.context.annotation.ClassPathScanningCandidateComponentProvider - Identified candidate component class: file [C:\work\dev\takoyadev\takoya-car\back\build\classes\java\main\fr\takoyadev\car\CarApplication.class]
00:26:04.320 [Test worker] INFO org.springframework.boot.test.context.SpringBootTestContextBootstrapper - Found @SpringBootConfiguration fr.takoyadev.car.CarApplication for test class fr.takoyadev.car.CarApplicationTests
00:26:04.384 [Test worker] DEBUG org.springframework.boot.test.context.SpringBootTestContextBootstrapper - @TestExecutionListeners is not present for class [fr.takoyadev.car.CarApplicationTests]: using defaults.
00:26:04.384 [Test worker] INFO org.springframework.boot.test.context.SpringBootTestContextBootstrapper - Loaded default TestExecutionListener class names from location [META-INF/spring.factories]: [org.springframework.boot.test.autoconfigure.restdocs.RestDocsTestExecutionListener, org.springframework.boot.test.autoconfigure.web.client.MockRestServiceServerResetTestExecutionListener, org.springframework.boot.test.autoconfigure.web.servlet.MockMvcPrintOnlyOnFailureTestExecutionListener, org.springframework.boot.test.autoconfigure.web.servlet.WebDriverTestExecutionListener, org.springframework.boot.test.mock.mockito.MockitoTestExecutionListener, org.springframework.boot.test.mock.mockito.ResetMocksTestExecutionListener, org.springframework.test.context.web.ServletTestExecutionListener, org.springframework.test.context.support.DirtiesContextBeforeModesTestExecutionListener, org.springframework.test.context.support.DependencyInjectionTestExecutionListener, org.springframework.test.context.support.DirtiesContextTestExecutionListener, org.springframework.test.context.transaction.TransactionalTestExecutionListener, org.springframework.test.context.jdbc.SqlScriptsTestExecutionListener]
00:26:04.396 [Test worker] INFO org.springframework.boot.test.context.SpringBootTestContextBootstrapper - Using TestExecutionListeners: [org.springframework.test.context.web.ServletTestExecutionListener@36a3e9e2, org.springframework.test.context.support.DirtiesContextBeforeModesTestExecutionListener@4d4d6087, org.springframework.boot.test.mock.mockito.MockitoTestExecutionListener@2d1c97cb, org.springframework.boot.test.autoconfigure.SpringBootDependencyInjectionTestExecutionListener@44e31f3d, org.springframework.test.context.support.DirtiesContextTestExecutionListener@6da602ba, org.springframework.test.context.transaction.TransactionalTestExecutionListener@4bc90ed1, org.springframework.test.context.jdbc.SqlScriptsTestExecutionListener@2227aac, org.springframework.boot.test.autoconfigure.restdocs.RestDocsTestExecutionListener@5e648722, org.springframework.boot.test.autoconfigure.web.client.MockRestServiceServerResetTestExecutionListener@30afd86, org.springframework.boot.test.autoconfigure.web.servlet.MockMvcPrintOnlyOnFailureTestExecutionListener@36c4b0, org.springframework.boot.test.autoconfigure.web.servlet.WebDriverTestExecutionListener@11503900, org.springframework.boot.test.mock.mockito.ResetMocksTestExecutionListener@6bf7f19f]
00:26:04.398 [Test worker] DEBUG org.springframework.test.annotation.ProfileValueUtils - Retrieved @ProfileValueSourceConfiguration [null] for test class [fr.takoyadev.car.CarApplicationTests]
00:26:04.398 [Test worker] DEBUG org.springframework.test.annotation.ProfileValueUtils - Retrieved ProfileValueSource type [class org.springframework.test.annotation.SystemProfileValueSource] for class [fr.takoyadev.car.CarApplicationTests]
00:26:04.399 [Test worker] DEBUG org.springframework.test.annotation.ProfileValueUtils - Retrieved @ProfileValueSourceConfiguration [null] for test class [fr.takoyadev.car.CarApplicationTests]
00:26:04.399 [Test worker] DEBUG org.springframework.test.annotation.ProfileValueUtils - Retrieved ProfileValueSource type [class org.springframework.test.annotation.SystemProfileValueSource] for class [fr.takoyadev.car.CarApplicationTests]
00:26:04.402 [Test worker] DEBUG org.springframework.test.context.support.AbstractDirtiesContextTestExecutionListener - Before test class: context [DefaultTestContext@6e5bc1c5 testClass = CarApplicationTests, testInstance = [null], testMethod = [null], testException = [null], mergedContextConfiguration = [WebMergedContextConfiguration@56f18486 testClass = CarApplicationTests, locations = '{}', classes = '{class fr.takoyadev.car.CarApplication}', contextInitializerClasses = '[]', activeProfiles = '{}', propertySourceLocations = '{}', propertySourceProperties = '{org.springframework.boot.test.context.SpringBootTestContextBootstrapper=true}', contextCustomizers = set[org.springframework.boot.test.autoconfigure.properties.PropertyMappingContextCustomizer@0, org.springframework.boot.test.autoconfigure.web.servlet.WebDriverContextCustomizerFactory$Customizer@50391ff5, org.springframework.boot.test.context.filter.ExcludeFilterContextCustomizer@190a4c71, org.springframework.boot.test.json.DuplicateJsonObjectContextCustomizerFactory$DuplicateJsonObjectContextCustomizer@478e82ea, org.springframework.boot.test.mock.mockito.MockitoContextCustomizer@0, org.springframework.boot.test.web.client.TestRestTemplateContextCustomizer@4b24c343], resourceBasePath = 'src/main/webapp', contextLoader = 'org.springframework.boot.test.context.SpringBootContextLoader', parent = [null]], attributes = map['org.springframework.test.context.web.ServletTestExecutionListener.activateListener' -> true]], class annotated with @DirtiesContext [false] with mode [null].
00:26:04.403 [Test worker] DEBUG org.springframework.test.annotation.ProfileValueUtils - Retrieved @ProfileValueSourceConfiguration [null] for test class [fr.takoyadev.car.CarApplicationTests]
00:26:04.403 [Test worker] DEBUG org.springframework.test.annotation.ProfileValueUtils - Retrieved ProfileValueSource type [class org.springframework.test.annotation.SystemProfileValueSource] for class [fr.takoyadev.car.CarApplicationTests]
00:26:04.418 [Test worker] DEBUG org.springframework.test.context.support.TestPropertySourceUtils - Adding inlined properties to environment: {spring.jmx.enabled=false, org.springframework.boot.test.context.SpringBootTestContextBootstrapper=true, server.port=-1}

  .   ____          _            __ _ _
 /\\ / ___'_ __ _ _(_)_ __  __ _ \ \ \ \
( ( )\___ | '_ | '_| | '_ \/ _` | \ \ \ \
 \\/  ___)| |_)| | | | | || (_| |  ) ) ) )
  '  |____| .__|_| |_|_| |_\__, | / / / /
 =========|_|==============|___/=/_/_/_/
 :: Spring Boot ::        (v2.1.3.RELEASE)

2019-05-02 00:26:04.601  INFO 11632 --- [    Test worker] fr.takoyadev.car.CarApplicationTests     : Starting CarApplicationTests on Nessa with PID 11632 (started by chinjto in C:\work\dev\takoyadev\takoya-car\back)
2019-05-02 00:26:04.602  INFO 11632 --- [    Test worker] fr.takoyadev.car.CarApplicationTests     : No active profile set, falling back to default profiles: default
2019-05-02 00:26:05.193  INFO 11632 --- [    Test worker] .s.d.r.c.RepositoryConfigurationDelegate : Bootstrapping Spring Data repositories in DEFAULT mode.
2019-05-02 00:26:05.268  INFO 11632 --- [    Test worker] .s.d.r.c.RepositoryConfigurationDelegate : Finished Spring Data repository scanning in 54ms. Found 4 repository interfaces.
2019-05-02 00:26:05.586  INFO 11632 --- [    Test worker] trationDelegate$BeanPostProcessorChecker : Bean 'org.springframework.hateoas.config.HateoasConfiguration' of type [org.springframework.hateoas.config.HateoasConfiguration$$EnhancerBySpringCGLIB$$c5371567] is not eligible for getting processed by all BeanPostProcessors (for example: not eligible for auto-proxying)
2019-05-02 00:26:05.594  INFO 11632 --- [    Test worker] trationDelegate$BeanPostProcessorChecker : Bean 'org.springframework.transaction.annotation.ProxyTransactionManagementConfiguration' of type [org.springframework.transaction.annotation.ProxyTransactionManagementConfiguration$$EnhancerBySpringCGLIB$$45b6c835] is not eligible for getting processed by all BeanPostProcessors (for example: not eligible for auto-proxying)
2019-05-02 00:26:05.716  INFO 11632 --- [    Test worker] o.hibernate.jpa.internal.util.LogHelper  : HHH000204: Processing PersistenceUnitInfo [
	name: default
	...]
2019-05-02 00:26:05.773  INFO 11632 --- [    Test worker] org.hibernate.Version                    : HHH000412: Hibernate Core {5.4.0.Final}
2019-05-02 00:26:05.774  INFO 11632 --- [    Test worker] org.hibernate.cfg.Environment            : HHH000206: hibernate.properties not found
2019-05-02 00:26:05.887  INFO 11632 --- [    Test worker] o.hibernate.annotations.common.Version   : HCANN000001: Hibernate Commons Annotations {5.1.0.Final}
2019-05-02 00:26:06.057  INFO 11632 --- [    Test worker] org.hibernate.dialect.Dialect            : HHH000400: Using dialect: org.hibernate.dialect.PostgreSQLDialect
2019-05-02 00:26:06.663  INFO 11632 --- [    Test worker] org.hibernate.type.BasicTypeRegistry     : HHH000270: Type registration [java.util.UUID] overrides previous : org.hibernate.type.UUIDBinaryType@6a89af1d
2019-05-02 00:26:07.390  INFO 11632 --- [    Test worker] o.h.e.t.j.p.i.JtaPlatformInitiator       : HHH000490: Using JtaPlatform implementation: [org.hibernate.engine.transaction.jta.platform.internal.NoJtaPlatform]
2019-05-02 00:26:07.392  INFO 11632 --- [    Test worker] j.LocalContainerEntityManagerFactoryBean : Initialized JPA EntityManagerFactory for persistence unit 'default'
2019-05-02 00:26:08.397  INFO 11632 --- [    Test worker] o.s.s.concurrent.ThreadPoolTaskExecutor  : Initializing ExecutorService 'applicationTaskExecutor'
2019-05-02 00:26:08.444  WARN 11632 --- [    Test worker] aWebConfiguration$JpaWebMvcConfiguration : spring.jpa.open-in-view is enabled by default. Therefore, database queries may be performed during view rendering. Explicitly configure spring.jpa.open-in-view to disable this warning
2019-05-02 00:26:08.544  INFO 11632 --- [    Test worker] o.s.b.a.w.s.WelcomePageHandlerMapping    : Adding welcome page: class path resource [static/index.html]
2019-05-02 00:26:08.880  INFO 11632 --- [    Test worker] o.s.s.web.DefaultSecurityFilterChain     : Creating filter chain: any request, [org.springframework.security.web.context.request.async.WebAsyncManagerIntegrationFilter@5bf0be72, org.springframework.security.web.context.SecurityContextPersistenceFilter@52674ce8, org.springframework.security.web.header.HeaderWriterFilter@a6cdee7, org.springframework.security.web.authentication.logout.LogoutFilter@5287574b, fr.takoyadev.car.server.security.JwtTokenFilter@141b51b7, org.springframework.security.web.savedrequest.RequestCacheAwareFilter@1a03a9a, org.springframework.security.web.servletapi.SecurityContextHolderAwareRequestFilter@4f461180, org.springframework.security.web.authentication.AnonymousAuthenticationFilter@1c0735b2, org.springframework.security.web.session.SessionManagementFilter@457e8714, org.springframework.security.web.access.ExceptionTranslationFilter@76799087, org.springframework.security.web.access.intercept.FilterSecurityInterceptor@5ff9386e]
2019-05-02 00:26:08.966  INFO 11632 --- [    Test worker] fr.takoyadev.car.CarApplicationTests     : Started CarApplicationTests in 4.542 seconds (JVM running for 5.365)
]]></system-out>
  <system-err><![CDATA[]]></system-err>
</testsuite>
